<?xml version="1.0" encoding="UTF-8"?><testsuite errors="0" failures="0" name="Agregar productos" skipped="2" tests="6" time="156.14" timestamp="2023-05-09 08:57:43"><testcase name="Agregar un producto al carrito"/><testcase name="Agregar dos producto al carrito"/><testcase name="Agregar varios producto al carrito"/><testcase name="Agregar 10 Camara Cannon EOS Azul"/><testcase name="Agregar portatil hp con fecha de entrega"><skipped/></testcase><testcase name="Agregar producto 8"><skipped/></testcase></testsuite>